<?xml version="1.0" encoding="UTF-8"?>
<!-- Generated by org.testng.reporters.JUnitReportReporter -->
<testsuite hostname="DESKTOP-GNDE67A" failures="0" tests="4" name="PracticeTestNGYoutube.searchBuyPhone" time="0.012" errors="0" timestamp="2022-10-18T14:31:04 EDT" skipped="0">
  <testcase classname="PracticeTestNGYoutube.searchBuyPhone" name="search" time="0.001"/>
  <system-out/>
  <testcase classname="PracticeTestNGYoutube.searchBuyPhone" name="search" time="0.007"/>
  <system-out/>
  <testcase classname="PracticeTestNGYoutube.searchBuyPhone" name="selectPhone" time="0.002"/>
  <system-out/>
  <testcase classname="PracticeTestNGYoutube.searchBuyPhone" name="checkout" time="0.002"/>
  <system-out/>
</testsuite> <!-- PracticeTestNGYoutube.searchBuyPhone -->
