<?xml version="1.0" encoding="UTF-8"?>
<!-- Generated by org.testng.reporters.JUnitReportReporter -->
<testsuite hostname="DESKTOP-GNDE67A" failures="0" tests="3" name="PracticeTestNGYoutube.FirstTestCase" time="20.901" errors="0" timestamp="2022-10-18T14:31:04 EDT" skipped="0">
  <testcase classname="PracticeTestNGYoutube.FirstTestCase" name="firstTestNG" time="7.759"/>
  <system-out/>
  <testcase classname="PracticeTestNGYoutube.FirstTestCase" name="SecondTestNG" time="6.582"/>
  <system-out/>
  <testcase classname="PracticeTestNGYoutube.FirstTestCase" name="SecondTestNG" time="6.560"/>
  <system-out/>
</testsuite> <!-- PracticeTestNGYoutube.FirstTestCase -->
