<?xml version="1.0" encoding="UTF-8"?>
<!-- Generated by org.testng.reporters.JUnitReportReporter -->
<testsuite hostname="DESKTOP-GNDE67A" failures="0" tests="5" name="tests.Testing1" time="0.022" errors="0" timestamp="2022-11-19T11:47:30 EST" skipped="0">
  <testcase classname="tests.Testing1" name="f" time="0.003"/>
  <system-out/>
  <testcase classname="tests.Testing1" name="f" time="0.004"/>
  <system-out/>
  <testcase classname="tests.Testing1" name="test1" time="0.002"/>
  <system-out/>
  <testcase classname="tests.Testing1" name="f" time="0.011"/>
  <system-out/>
  <testcase classname="tests.Testing1" name="test2" time="0.002"/>
  <system-out/>
</testsuite> <!-- tests.Testing1 -->
