<?xml version="1.0" encoding="UTF-8"?>
<!-- Generated by org.testng.reporters.JUnitReportReporter -->
<testsuite hostname="DESKTOP-GNDE67A" failures="0" tests="1" name="Demo_5_GET_ValidateEachNodeInJASON" time="4.073" errors="0" timestamp="2022-12-12T12:59:18 EST" skipped="0">
  <testcase classname="Demo_5_GET_ValidateEachNodeInJASON" name="validateEachNode" time="4.073"/>
  <system-out/>
</testsuite> <!-- Demo_5_GET_ValidateEachNodeInJASON -->
