<?xml version="1.0" encoding="UTF-8"?>
<!-- Generated by org.testng.reporters.JUnitReportReporter -->
<testsuite hostname="DESKTOP-GNDE67A" failures="0" tests="1" name="Demo_4_GET_Request_AllHeaders" time="3.398" errors="0" timestamp="2022-12-12T12:28:37 EST" skipped="0">
  <testcase classname="Demo_4_GET_Request_AllHeaders" name="getAllHeaders" time="3.398"/>
  <system-out/>
</testsuite> <!-- Demo_4_GET_Request_AllHeaders -->
