<?xml version="1.0" encoding="UTF-8"?>
<!-- Generated by org.testng.reporters.JUnitReportReporter -->
<testsuite hostname="DESKTOP-GNDE67A" failures="0" tests="3" name="DataDrivenTesting.DataDriveTes_Add_New_Employee" time="20.035" errors="0" timestamp="2022-12-13T11:00:39 EST" skipped="0">
  <testcase classname="DataDrivenTesting.DataDriveTes_Add_New_Employee" name="postNewEmployee" time="5.629"/>
  <system-out/>
  <testcase classname="DataDrivenTesting.DataDriveTes_Add_New_Employee" name="postNewEmployee" time="8.775"/>
  <system-out/>
  <testcase classname="DataDrivenTesting.DataDriveTes_Add_New_Employee" name="postNewEmployee" time="5.631"/>
  <system-out/>
</testsuite> <!-- DataDrivenTesting.DataDriveTes_Add_New_Employee -->
