<?xml version="1.0" encoding="UTF-8"?>
<!-- Generated by org.testng.reporters.JUnitReportReporter -->
<testsuite hostname="DESKTOP-GNDE67A" failures="0" tests="4" name="DataDrivenTesting.Data_Drive_Exel" time="45.288" errors="0" timestamp="2022-12-13T11:56:38 EST" skipped="0">
  <testcase classname="DataDrivenTesting.Data_Drive_Exel" name="postNewEmployee" time="10.648"/>
  <system-out/>
  <testcase classname="DataDrivenTesting.Data_Drive_Exel" name="postNewEmployee" time="10.472"/>
  <system-out/>
  <testcase classname="DataDrivenTesting.Data_Drive_Exel" name="postNewEmployee" time="13.511"/>
  <system-out/>
  <testcase classname="DataDrivenTesting.Data_Drive_Exel" name="postNewEmployee" time="10.657"/>
  <system-out/>
</testsuite> <!-- DataDrivenTesting.Data_Drive_Exel -->
