<?xml version="1.0" encoding="UTF-8"?>
<!-- Generated by org.testng.reporters.JUnitReportReporter -->
<testsuite hostname="DESKTOP-GNDE67A" failures="0" tests="1" name="Demo_2_POST_Request" time="3.051" errors="0" timestamp="2022-12-11T16:52:24 EST" skipped="0">
  <testcase classname="Demo_2_POST_Request" name="createToken" time="3.051"/>
  <system-out/>
</testsuite> <!-- Demo_2_POST_Request -->
