<?xml version="1.0" encoding="UTF-8"?>
<!-- Generated by org.testng.reporters.JUnitReportReporter -->
<testsuite hostname="DESKTOP-GNDE67A" failures="0" tests="1" name="Demo_4_GET_Validating_JSON_Response" time="3.593" errors="0" timestamp="2022-12-12T12:41:49 EST" skipped="0">
  <testcase classname="Demo_4_GET_Validating_JSON_Response" name="validateJSONResponse" time="3.593"/>
  <system-out/>
</testsuite> <!-- Demo_4_GET_Validating_JSON_Response -->
