<?xml version="1.0" encoding="UTF-8"?>
<!-- Generated by org.testng.reporters.JUnitReportReporter -->
<testsuite hostname="DESKTOP-GNDE67A" failures="0" tests="1" name="Demo_3_Get_Request" time="3.075" errors="0" timestamp="2022-12-12T11:13:47 EST" skipped="0">
  <testcase classname="Demo_3_Get_Request" name="getBookingId" time="3.075"/>
  <system-out/>
</testsuite> <!-- Demo_3_Get_Request -->
